0 info it worked if it ends with ok
1 verbose cli [ 'C:\\Program Files\\nodejs\\\\node.exe',
1 verbose cli   'C:\\Program Files\\nodejs\\node_modules\\npm\\bin\\npm-cli.js',
1 verbose cli   'run',
1 verbose cli   'coveralls' ]
2 info using npm@2.11.3
3 info using node@v0.12.7
4 verbose run-script [ 'precoveralls', 'coveralls', 'postcoveralls' ]
5 info precoveralls app@0.0.1
6 info coveralls app@0.0.1
7 verbose unsafe-perm in lifecycle true
8 info app@0.0.1 Failed to exec coveralls script
9 verbose stack Error: app@0.0.1 coveralls: `jscoverage lib && YOURPACKAGE_COVERAGE=1 nodeunit --reporter=lcov test | coveralls`
9 verbose stack Exit status 255
9 verbose stack     at EventEmitter.<anonymous> (C:\Program Files\nodejs\node_modules\npm\lib\utils\lifecycle.js:213:16)
9 verbose stack     at EventEmitter.emit (events.js:110:17)
9 verbose stack     at ChildProcess.<anonymous> (C:\Program Files\nodejs\node_modules\npm\lib\utils\spawn.js:24:14)
9 verbose stack     at ChildProcess.emit (events.js:110:17)
9 verbose stack     at maybeClose (child_process.js:1015:16)
9 verbose stack     at Process.ChildProcess._handle.onexit (child_process.js:1087:5)
10 verbose pkgid app@0.0.1
11 verbose cwd C:\Marcin\Workspaces\IoT\iot-master\iot\iot\src\main\client
12 error Windows_NT 6.1.7601
13 error argv "C:\\Program Files\\nodejs\\\\node.exe" "C:\\Program Files\\nodejs\\node_modules\\npm\\bin\\npm-cli.js" "run" "coveralls"
14 error node v0.12.7
15 error npm  v2.11.3
16 error code ELIFECYCLE
17 error app@0.0.1 coveralls: `jscoverage lib && YOURPACKAGE_COVERAGE=1 nodeunit --reporter=lcov test | coveralls`
17 error Exit status 255
18 error Failed at the app@0.0.1 coveralls script 'jscoverage lib && YOURPACKAGE_COVERAGE=1 nodeunit --reporter=lcov test | coveralls'.
18 error This is most likely a problem with the app package,
18 error not with npm itself.
18 error Tell the author that this fails on your system:
18 error     jscoverage lib && YOURPACKAGE_COVERAGE=1 nodeunit --reporter=lcov test | coveralls
18 error You can get their info via:
18 error     npm owner ls app
18 error There is likely additional logging output above.
19 verbose exit [ 1, true ]
